frontend/usuario_app/build/app/intermediates/manifest_merge_blame_file/debug/manifest-merger-blame-debug-report.txt
1<?xml version="1.0" encoding="utf-8"?>
2<manifest xmlns:android="http://schemas.android.com/apk/res/android"
3    package="com.aqsystems.recolector_usuario"
4    android:versionCode="1"
5    android:versionName="1.0.0" >
6
7    <uses-sdk
8        android:minSdkVersion="16"
9        android:targetSdkVersion="28" />
10    <!--
11         Flutter needs it to communicate with the running application
12         to allow setting breakpoints, to provide hot reload, etc.
13    -->
14    <uses-permission android:name="android.permission.INTERNET" />
14-->src\debug\AndroidManifest.xml:6:5-66
14-->src\debug\AndroidManifest.xml:6:22-64
15    <!--
16     io.flutter.app.FlutterApplication is an android.app.Application that
17         calls FlutterMain.startInitialization(this); in its onCreate method.
18         In most cases you can leave this as-is, but you if you want to provide
19         additional functionality it is fine to subclass or reimplement
20         FlutterApplication and put your custom class here.
21    -->
22    <uses-permission android:name="android.permission.ACCESS_FINE_LOCATION" />
22-->src\main\AndroidManifest.xml:7:6-80
22-->src\main\AndroidManifest.xml:7:23-77
23    <uses-permission android:name="android.permission.ACCESS_COARSE_LOCATION" /> <!-- Include required permissions for Google Maps API to run. -->
23-->src\main\AndroidManifest.xml:8:6-82
23-->src\main\AndroidManifest.xml:8:23-79
24    <uses-permission android:name="android.permission.ACCESS_NETWORK_STATE" />
24-->[com.google.android.gms:play-services-maps:17.0.0] AndroidManifest.xml:23:5-79
24-->[com.google.android.gms:play-services-maps:17.0.0] AndroidManifest.xml:23:22-76
25
26    <uses-feature
26-->[com.google.android.gms:play-services-maps:17.0.0] AndroidManifest.xml:26:5-28:35
27        android:glEsVersion="0x00020000"
27-->[com.google.android.gms:play-services-maps:17.0.0] AndroidManifest.xml:27:9-41
28        android:required="true" />
28-->[com.google.android.gms:play-services-maps:17.0.0] AndroidManifest.xml:28:9-32
29
30    <uses-permission android:name="android.permission.WAKE_LOCK" />
30-->[com.google.android.gms:play-services-measurement:17.2.2] AndroidManifest.xml:25:5-68
30-->[com.google.android.gms:play-services-measurement:17.2.2] AndroidManifest.xml:25:22-65
31    <uses-permission android:name="com.google.android.finsky.permission.BIND_GET_INSTALL_REFERRER_SERVICE" /> <!-- Required by older versions of Google Play services to create IID tokens -->
31-->[com.google.android.gms:play-services-measurement:17.2.2] AndroidManifest.xml:26:5-110
31-->[com.google.android.gms:play-services-measurement:17.2.2] AndroidManifest.xml:26:22-107
32    <uses-permission android:name="com.google.android.c2dm.permission.RECEIVE" />
32-->[com.google.firebase:firebase-iid:20.0.2] AndroidManifest.xml:26:5-82
32-->[com.google.firebase:firebase-iid:20.0.2] AndroidManifest.xml:26:22-79
33
34    <application
34-->src\main\AndroidManifest.xml:9:6-31:20
35        android:name="io.flutter.app.FlutterApplication"
35-->src\main\AndroidManifest.xml:9:19-67
36        android:appComponentFactory="androidx.core.app.CoreComponentFactory"
36-->[androidx.core:core:1.1.0] AndroidManifest.xml:24:18-86
37        android:debuggable="true"
38        android:icon="@mipmap/ic_launcher"
38-->src\main\AndroidManifest.xml:9:96-130
39        android:label="usuario_app" >
39-->src\main\AndroidManifest.xml:9:68-95
40        <activity
40-->src\main\AndroidManifest.xml:10:11-26:22
41            android:name="com.example.usuario_app.MainActivity"
41-->src\main\AndroidManifest.xml:10:21-49
42            android:configChanges="orientation|keyboardHidden|keyboard|screenSize|smallestScreenSize|locale|layoutDirection|fontScale|screenLayout|density|uiMode"
42-->src\main\AndroidManifest.xml:10:116-266
43            android:hardwareAccelerated="true"
43-->src\main\AndroidManifest.xml:10:267-301
44            android:launchMode="singleTop"
44-->src\main\AndroidManifest.xml:10:50-80
45            android:theme="@style/LaunchTheme"
45-->src\main\AndroidManifest.xml:10:81-115
46            android:windowSoftInputMode="adjustResize" >
46-->src\main\AndroidManifest.xml:10:302-344
47
48            <!--
49                 Specifies an Android theme to apply to this Activity as soon as
50                 the Android process has started. This theme is visible to the user
51                 while the Flutter UI initializes. After that, this theme continues
52                 to determine the Window background behind the Flutter UI.
53            -->
54            <meta-data
54-->src\main\AndroidManifest.xml:15:16-123
55                android:name="io.flutter.embedding.android.NormalTheme"
55-->src\main\AndroidManifest.xml:15:27-82
56                android:resource="@style/NormalTheme" />
56-->src\main\AndroidManifest.xml:15:83-120
57            <!--
58                 Displays an Android View that continues showing the launch screen
59                 Drawable until Flutter paints its first frame, then this splash
60                 screen fades out. A splash screen is useful to avoid any visual
61                 gap between the end of Android's launch screen and the painting of
62                 Flutter's first frame.
63            -->
64            <meta-data
64-->src\main\AndroidManifest.xml:21:16-141
65                android:name="io.flutter.embedding.android.SplashScreenDrawable"
65-->src\main\AndroidManifest.xml:21:27-91
66                android:resource="@drawable/launch_background" />
66-->src\main\AndroidManifest.xml:21:92-138
67
68            <intent-filter>
68-->src\main\AndroidManifest.xml:22:16-25:32
69                <action android:name="android.intent.action.MAIN" />
69-->src\main\AndroidManifest.xml:23:21-73
69-->src\main\AndroidManifest.xml:23:29-70
70
71                <category android:name="android.intent.category.LAUNCHER" />
71-->src\main\AndroidManifest.xml:24:21-81
71-->src\main\AndroidManifest.xml:24:31-78
72            </intent-filter>
73        </activity>
74        <!--
75             Don't delete the meta-data below.
76             This is used by the Flutter tool to generate GeneratedPluginRegistrant.java
77        -->
78        <meta-data
78-->src\main\AndroidManifest.xml:29:11-74
79            android:name="flutterEmbedding"
79-->src\main\AndroidManifest.xml:29:22-53
80            android:value="2" />
80-->src\main\AndroidManifest.xml:29:54-71
81        <meta-data
81-->src\main\AndroidManifest.xml:30:11-126
82            android:name="com.google.android.geo.API_KEY"
82-->src\main\AndroidManifest.xml:30:22-67
83            android:value="AIzaSyDpislq5MtiaamU_tUD9mAIcaCIVnYzf04" />
83-->src\main\AndroidManifest.xml:30:68-123
84
85        <service
85-->[:firebase_database] AndroidManifest.xml:8:9-12:19
86            android:name="com.google.firebase.components.ComponentDiscoveryService"
86-->[:firebase_database] AndroidManifest.xml:8:18-89
87            android:directBootAware="true"
87-->[com.google.firebase:firebase-common:19.3.0] AndroidManifest.xml:34:13-43
88            android:exported="false" >
88-->[com.google.firebase:firebase-auth:19.2.0] AndroidManifest.xml:35:13-37
89            <meta-data
89-->[:firebase_database] AndroidManifest.xml:9:13-11:85
90                android:name="com.google.firebase.components:io.flutter.plugins.firebase.database.FlutterFirebaseAppRegistrar"
90-->[:firebase_database] AndroidManifest.xml:10:17-127
91                android:value="com.google.firebase.components.ComponentRegistrar" />
91-->[:firebase_database] AndroidManifest.xml:11:17-82
92            <meta-data
92-->[:firebase_auth] AndroidManifest.xml:9:13-11:85
93                android:name="com.google.firebase.components:io.flutter.plugins.firebaseauth.FlutterFirebaseAppRegistrar"
93-->[:firebase_auth] AndroidManifest.xml:10:17-122
94                android:value="com.google.firebase.components.ComponentRegistrar" />
94-->[:firebase_auth] AndroidManifest.xml:11:17-82
95            <meta-data
95-->[:firebase_core] AndroidManifest.xml:9:13-11:85
96                android:name="com.google.firebase.components:io.flutter.plugins.firebase.core.FlutterFirebaseAppRegistrar"
96-->[:firebase_core] AndroidManifest.xml:10:17-123
97                android:value="com.google.firebase.components.ComponentRegistrar" />
97-->[:firebase_core] AndroidManifest.xml:11:17-82
98            <meta-data
98-->[com.google.firebase:firebase-auth:19.2.0] AndroidManifest.xml:36:13-38:85
99                android:name="com.google.firebase.components:com.google.firebase.auth.FirebaseAuthRegistrar"
99-->[com.google.firebase:firebase-auth:19.2.0] AndroidManifest.xml:37:17-109
100                android:value="com.google.firebase.components.ComponentRegistrar" />
100-->[com.google.firebase:firebase-auth:19.2.0] AndroidManifest.xml:38:17-82
101            <meta-data
101-->[com.google.android.gms:play-services-measurement-api:17.2.2] AndroidManifest.xml:30:13-32:85
102                android:name="com.google.firebase.components:com.google.firebase.analytics.connector.internal.AnalyticsConnectorRegistrar"
102-->[com.google.android.gms:play-services-measurement-api:17.2.2] AndroidManifest.xml:31:17-139
103                android:value="com.google.firebase.components.ComponentRegistrar" />
103-->[com.google.android.gms:play-services-measurement-api:17.2.2] AndroidManifest.xml:32:17-82
104            <meta-data
104-->[com.google.firebase:firebase-database:17.0.0] AndroidManifest.xml:30:13-32:85
105                android:name="com.google.firebase.components:com.google.firebase.database.DatabaseRegistrar"
105-->[com.google.firebase:firebase-database:17.0.0] AndroidManifest.xml:31:17-109
106                android:value="com.google.firebase.components.ComponentRegistrar" />
106-->[com.google.firebase:firebase-database:17.0.0] AndroidManifest.xml:32:17-82
107            <meta-data
107-->[com.google.firebase:firebase-iid:20.0.2] AndroidManifest.xml:32:13-34:85
108                android:name="com.google.firebase.components:com.google.firebase.iid.Registrar"
108-->[com.google.firebase:firebase-iid:20.0.2] AndroidManifest.xml:33:17-96
109                android:value="com.google.firebase.components.ComponentRegistrar" />
109-->[com.google.firebase:firebase-iid:20.0.2] AndroidManifest.xml:34:17-82
110        </service> <!-- Needs to be explicitly declared on P+ -->
111        <uses-library
111-->[com.google.android.gms:play-services-maps:17.0.0] AndroidManifest.xml:33:9-35:40
112            android:name="org.apache.http.legacy"
112-->[com.google.android.gms:play-services-maps:17.0.0] AndroidManifest.xml:34:13-50
113            android:required="false" />
113-->[com.google.android.gms:play-services-maps:17.0.0] AndroidManifest.xml:35:13-37
114
115        <activity
115-->[com.google.firebase:firebase-auth:19.2.0] AndroidManifest.xml:24:9-31:50
116            android:name="com.google.firebase.auth.internal.FederatedSignInActivity"
116-->[com.google.firebase:firebase-auth:19.2.0] AndroidManifest.xml:25:13-85
117            android:excludeFromRecents="true"
117-->[com.google.firebase:firebase-auth:19.2.0] AndroidManifest.xml:26:13-46
118            android:exported="true"
118-->[com.google.firebase:firebase-auth:19.2.0] AndroidManifest.xml:27:13-36
119            android:launchMode="singleTask"
119-->[com.google.firebase:firebase-auth:19.2.0] AndroidManifest.xml:28:13-44
120            android:permission="com.google.firebase.auth.api.gms.permission.LAUNCH_FEDERATED_SIGN_IN"
120-->[com.google.firebase:firebase-auth:19.2.0] AndroidManifest.xml:29:13-102
121            android:theme="@android:style/Theme.Translucent.NoTitleBar" />
121-->[com.google.firebase:firebase-auth:19.2.0] AndroidManifest.xml:30:13-72
122
123        <receiver
123-->[com.google.android.gms:play-services-measurement:17.2.2] AndroidManifest.xml:29:9-33:20
124            android:name="com.google.android.gms.measurement.AppMeasurementReceiver"
124-->[com.google.android.gms:play-services-measurement:17.2.2] AndroidManifest.xml:30:13-85
125            android:enabled="true"
125-->[com.google.android.gms:play-services-measurement:17.2.2] AndroidManifest.xml:31:13-35
126            android:exported="false" >
126-->[com.google.android.gms:play-services-measurement:17.2.2] AndroidManifest.xml:32:13-37
127        </receiver>
128        <receiver
128-->[com.google.android.gms:play-services-measurement:17.2.2] AndroidManifest.xml:34:9-42:20
129            android:name="com.google.android.gms.measurement.AppMeasurementInstallReferrerReceiver"
129-->[com.google.android.gms:play-services-measurement:17.2.2] AndroidManifest.xml:35:13-100
130            android:enabled="true"
130-->[com.google.android.gms:play-services-measurement:17.2.2] AndroidManifest.xml:36:13-35
131            android:exported="true"
131-->[com.google.android.gms:play-services-measurement:17.2.2] AndroidManifest.xml:37:13-36
132            android:permission="android.permission.INSTALL_PACKAGES" >
132-->[com.google.android.gms:play-services-measurement:17.2.2] AndroidManifest.xml:38:13-69
133            <intent-filter>
133-->[com.google.android.gms:play-services-measurement:17.2.2] AndroidManifest.xml:39:13-41:29
134                <action android:name="com.android.vending.INSTALL_REFERRER" />
134-->[com.google.android.gms:play-services-measurement:17.2.2] AndroidManifest.xml:40:17-79
134-->[com.google.android.gms:play-services-measurement:17.2.2] AndroidManifest.xml:40:25-76
135            </intent-filter>
136        </receiver>
137
138        <service
138-->[com.google.android.gms:play-services-measurement:17.2.2] AndroidManifest.xml:44:9-47:40
139            android:name="com.google.android.gms.measurement.AppMeasurementService"
139-->[com.google.android.gms:play-services-measurement:17.2.2] AndroidManifest.xml:45:13-84
140            android:enabled="true"
140-->[com.google.android.gms:play-services-measurement:17.2.2] AndroidManifest.xml:46:13-35
141            android:exported="false" />
141-->[com.google.android.gms:play-services-measurement:17.2.2] AndroidManifest.xml:47:13-37
142        <service
142-->[com.google.android.gms:play-services-measurement:17.2.2] AndroidManifest.xml:48:9-52:72
143            android:name="com.google.android.gms.measurement.AppMeasurementJobService"
143-->[com.google.android.gms:play-services-measurement:17.2.2] AndroidManifest.xml:49:13-87
144            android:enabled="true"
144-->[com.google.android.gms:play-services-measurement:17.2.2] AndroidManifest.xml:50:13-35
145            android:exported="false"
145-->[com.google.android.gms:play-services-measurement:17.2.2] AndroidManifest.xml:51:13-37
146            android:permission="android.permission.BIND_JOB_SERVICE" />
146-->[com.google.android.gms:play-services-measurement:17.2.2] AndroidManifest.xml:52:13-69
147
148        <activity
148-->[com.google.android.gms:play-services-auth:16.0.1] AndroidManifest.xml:23:9-27:75
149            android:name="com.google.android.gms.auth.api.signin.internal.SignInHubActivity"
149-->[com.google.android.gms:play-services-auth:16.0.1] AndroidManifest.xml:24:13-93
150            android:excludeFromRecents="true"
150-->[com.google.android.gms:play-services-auth:16.0.1] AndroidManifest.xml:25:13-46
151            android:exported="false"
151-->[com.google.android.gms:play-services-auth:16.0.1] AndroidManifest.xml:26:13-37
152            android:theme="@android:style/Theme.Translucent.NoTitleBar" />
152-->[com.google.android.gms:play-services-auth:16.0.1] AndroidManifest.xml:27:13-72
153        <!--
154            Service handling Google Sign-In user revocation. For apps that do not integrate with
155            Google Sign-In, this service will never be started.
156        -->
157        <service
157-->[com.google.android.gms:play-services-auth:16.0.1] AndroidManifest.xml:33:9-36:110
158            android:name="com.google.android.gms.auth.api.signin.RevocationBoundService"
158-->[com.google.android.gms:play-services-auth:16.0.1] AndroidManifest.xml:34:13-89
159            android:exported="true"
159-->[com.google.android.gms:play-services-auth:16.0.1] AndroidManifest.xml:35:13-36
160            android:permission="com.google.android.gms.auth.api.signin.permission.REVOCATION_NOTIFICATION" />
160-->[com.google.android.gms:play-services-auth:16.0.1] AndroidManifest.xml:36:13-107
161
162        <receiver
162-->[com.google.firebase:firebase-iid:20.0.2] AndroidManifest.xml:37:9-44:20
163            android:name="com.google.firebase.iid.FirebaseInstanceIdReceiver"
163-->[com.google.firebase:firebase-iid:20.0.2] AndroidManifest.xml:38:13-78
164            android:exported="true"
164-->[com.google.firebase:firebase-iid:20.0.2] AndroidManifest.xml:39:13-36
165            android:permission="com.google.android.c2dm.permission.SEND" >
165-->[com.google.firebase:firebase-iid:20.0.2] AndroidManifest.xml:40:13-73
166            <intent-filter>
166-->[com.google.firebase:firebase-iid:20.0.2] AndroidManifest.xml:41:13-43:29
167                <action android:name="com.google.android.c2dm.intent.RECEIVE" />
167-->[com.google.firebase:firebase-iid:20.0.2] AndroidManifest.xml:42:17-81
167-->[com.google.firebase:firebase-iid:20.0.2] AndroidManifest.xml:42:25-78
168            </intent-filter>
169        </receiver>
170
171        <provider
171-->[com.google.firebase:firebase-common:19.3.0] AndroidManifest.xml:26:9-30:39
172            android:name="com.google.firebase.provider.FirebaseInitProvider"
172-->[com.google.firebase:firebase-common:19.3.0] AndroidManifest.xml:27:13-77
173            android:authorities="com.aqsystems.recolector_usuario.firebaseinitprovider"
173-->[com.google.firebase:firebase-common:19.3.0] AndroidManifest.xml:28:13-72
174            android:exported="false"
174-->[com.google.firebase:firebase-common:19.3.0] AndroidManifest.xml:29:13-37
175            android:initOrder="100" />
175-->[com.google.firebase:firebase-common:19.3.0] AndroidManifest.xml:30:13-36
176
177        <activity
177-->[com.google.android.gms:play-services-base:17.1.0] AndroidManifest.xml:23:9-26:75
178            android:name="com.google.android.gms.common.api.GoogleApiActivity"
178-->[com.google.android.gms:play-services-base:17.1.0] AndroidManifest.xml:24:13-79
179            android:exported="false"
179-->[com.google.android.gms:play-services-base:17.1.0] AndroidManifest.xml:25:13-37
180            android:theme="@android:style/Theme.Translucent.NoTitleBar" />
180-->[com.google.android.gms:play-services-base:17.1.0] AndroidManifest.xml:26:13-72
181
182        <meta-data
182-->[com.google.android.gms:play-services-basement:17.0.0] AndroidManifest.xml:23:9-25:69
183            android:name="com.google.android.gms.version"
183-->[com.google.android.gms:play-services-basement:17.0.0] AndroidManifest.xml:24:13-58
184            android:value="@integer/google_play_services_version" />
184-->[com.google.android.gms:play-services-basement:17.0.0] AndroidManifest.xml:25:13-66
185    </application>
186
187</manifest>